
> e-commerce-frontend@0.1.0 build
> next build --webpack

Attention: Next.js now collects completely anonymous telemetry regarding usage.
This information is used to shape Next.js' roadmap and prioritize features.
You can learn more, including how to opt-out if you'd not like to participate in this anonymous program, by visiting the following URL:
https://nextjs.org/telemetry

   ▲ Next.js 16.0.7 (webpack)

 ⚠ The "middleware" file convention is deprecated. Please use "proxy" instead. Learn more: https://nextjs.org/docs/messages/middleware-to-proxy
   Creating an optimized production build ...
<w> [webpack.cache.PackFileCacheStrategy] Serializing big strings (177kiB) impacts deserialization performance (consider using Buffer instead and decode when needed)
 ✓ Compiled successfully in 60s
   Running TypeScript ...
   Collecting page data using 1 worker ...
Error: Configuration must contain `projectId`
    at aI (.next/server/chunks/8304.js:10:8748)
    at bV.config (.next/server/chunks/8304.js:13:29503)
    at new bV (.next/server/chunks/8304.js:13:28870)
    at createClient (.next/server/chunks/8304.js:13:31562)
    at 12077 (.next/server/app/api/search/route.js:13:5806)
    at k (.next/server/webpack-runtime.js:1:159)
    at 3350 (.next/server/app/api/search/route.js:1:691)
    at k (.next/server/webpack-runtime.js:1:159)
    at <unknown> (.next/server/app/api/search/route.js:13:7486)
    at k.X (.next/server/webpack-runtime.js:1:2190)

> Build error occurred
Error: Failed to collect page data for /api/search
    at ignore-listed frames {
  type: 'Error'
}
